# This file was automatically created by FeynRules 2.3.49
# Mathematica version: 13.0.1 for Linux x86 (64-bit) (January 29, 2022)
# Date: Fri 8 Apr 2022 19:08:58


# 
# This is the logfile for the model TypeIISeesaw_PertSafeScheme

# Authors: B. Fuks, M.Nemevsek
# Model version: 1.3
# Checking the Quantum numbers
   * Electric charge defined.
# Checking the Lagrangians
   * All Lagrangians are ok.
#
# Particle definitions
#

   * No particles removed. All particles correspond to GenInt setup.

# Automatically assigned PDG numbers
   * Assigned PDG number 9000001 to particle ghA
   * Assigned PDG number 9000002 to particle ghZ
   * Assigned PDG number 9000003 to particle ghWp
   * Assigned PDG number 9000004 to particle ghWm


# Compulsory PDG codes:
   * Class SM leptons complete.
   * Class SM neutrinos complete.
   * Class SM quarks complete.
   * Class SM gauge bosons complete.
#
# Parameter definitions
#

   * Parameter mD2 has no value. Default value 1 assigned.
   * Parameter Mchi has no value. Default value 1 assigned.
   * Parameter MD0 has no value. Default value 1 assigned.
   * Parameter lamH has no value. Default value 1 assigned.
   * Parameter muH2 has no value. Default value 1 assigned.
   * Parameter t2xi has no value. Default value 1 assigned.
   * Parameter cxi has no value. Default value 1 assigned.
   * Parameter sxi has no value. Default value 1 assigned.


# Vertices
   * Calling FeynmanRules for 5 Lagrangians.
   * Number of classes vertices: 420
   * Number of flavored vertices: 420
   * Saved vertices in InterfaceRun[ 1 ].
   * Checked QNumber conservation.
      - Quantum number GhostNumber conserved in all vertices.
      - Quantum number Q conserved in all vertices.
      - Quantum number Y conserved in all vertices.
   * particles.py written.
   * parameters.py written.
#
# Vertex definitions
#

   * 448 vertices written.
   * vertices.py written.
#
# Lorentz structure definitions
#

   * 19 lorentz structures written.
   * lorentz.py written.
#
# Coupling definitions
#

   * 403 couplings written.
   * couplings.py written.
#
# Coupling order definitions
#

   * 0 couplings orders written.
   * coupling_orders.py written.
#
# Decay definitions
#

   * 13 decays written.
   * decay.py not written
#
# CTCoupling definitions
#

   * 0 CTcouplings written.
   * CT_couplings.py written.
