# This file was automatically created by FeynRules 2.3.29
# Mathematica version: 12.0.0 for Linux x86 (64-bit) (April 7, 2019)
# Date: Fri 11 Dec 2020 18:32:58


# 
# This is the logfile for the model Standard Model + W'Z'

# Authors: J.N. Lang
# Model version: 1.0
# Checking the Quantum numbers
   * Electric charge defined.
# Checking the Lagrangians
   * All Lagrangians are ok.
#
# Particle definitions
#

   * No particles removed. All particles correspond to GenInt setup.

# Automatically assigned PDG numbers
   * Assigned PDG number 9000001 to particle Zp
   * Assigned PDG number 9000002 to particle Wp+
   * Assigned PDG number 9000003 to particle ghA
   * Assigned PDG number 9000004 to particle ghZ
   * Assigned PDG number 9000005 to particle ghWp
   * Assigned PDG number 9000006 to particle ghWm
   * Assigned PDG number 9000007 to particle Gp0
   * Assigned PDG number 9000008 to particle Gp+


# Compulsory PDG codes:
   * Class SM leptons complete.
   * Class SM neutrinos complete.
   * Class SM quarks complete.
   * Class SM gauge bosons complete.
#
# Parameter definitions
#

   * Parameter CZuR1x1 has no value. Default value 1 assigned.
   * Parameter CZuR1x2 has no value. Default value 1 assigned.
   * Parameter CZuR1x3 has no value. Default value 1 assigned.
   * Parameter CZuR2x1 has no value. Default value 1 assigned.
   * Parameter CZuR2x2 has no value. Default value 1 assigned.
   * Parameter CZuR2x3 has no value. Default value 1 assigned.
   * Parameter CZuR3x1 has no value. Default value 1 assigned.
   * Parameter CZuR3x2 has no value. Default value 1 assigned.
   * Parameter CZuR3x3 has no value. Default value 1 assigned.
   * Parameter CZdR1x1 has no value. Default value 1 assigned.
   * Parameter CZdR1x2 has no value. Default value 1 assigned.
   * Parameter CZdR1x3 has no value. Default value 1 assigned.
   * Parameter CZdR2x1 has no value. Default value 1 assigned.
   * Parameter CZdR2x2 has no value. Default value 1 assigned.
   * Parameter CZdR2x3 has no value. Default value 1 assigned.
   * Parameter CZdR3x1 has no value. Default value 1 assigned.
   * Parameter CZdR3x2 has no value. Default value 1 assigned.
   * Parameter CZdR3x3 has no value. Default value 1 assigned.


# Vertices
   * Calling FeynmanRules for 1 Lagrangians.
   * Number of classes vertices: 163
   * Number of flavored vertices: 289
   * Saved vertices in InterfaceRun[ 1 ].
   * Checked QNumber conservation.
      - Quantum number GhostNumber conserved in all vertices.
      - Quantum number LeptonNumber conserved in all vertices.
      - Quantum number Q conserved in all vertices.
      - Quantum number Y conserved in all vertices.
   * particles.py written.
   * parameters.py written.
#
# Vertex definitions
#

   * 289 vertices written.
   * vertices.py written.
#
# Lorentz structure definitions
#

   * 24 lorentz structures written.
   * lorentz.py written.
#
# Coupling definitions
#

   * 279 couplings written.
   * couplings.py written.
#
# Coupling order definitions
#

   * 0 couplings orders written.
   * coupling_orders.py written.
#
# CTCoupling definitions
#

   * 0 CTcouplings written.
   * CT_couplings.py written.
